[debug] [2018-07-19T02:39:46.615Z] ----------------------------------------------------------------------
[debug] [2018-07-19T02:39:46.617Z] Command:       /usr/local/bin/node /usr/local/bin/firebase deploy
[debug] [2018-07-19T02:39:46.618Z] CLI Version:   3.19.1
[debug] [2018-07-19T02:39:46.618Z] Platform:      darwin
[debug] [2018-07-19T02:39:46.618Z] Node Version:  v10.1.0
[debug] [2018-07-19T02:39:46.618Z] Time:          Thu Jul 19 2018 09:39:46 GMT+0700 (+07)
[debug] [2018-07-19T02:39:46.618Z] ----------------------------------------------------------------------
[debug] 
[debug] [2018-07-19T02:39:46.639Z] > command requires scopes: ["email","openid","https://www.googleapis.com/auth/cloudplatformprojects.readonly","https://www.googleapis.com/auth/firebase","https://www.googleapis.com/auth/cloud-platform"]
[debug] [2018-07-19T02:39:46.639Z] > authorizing via signed-in user
[debug] [2018-07-19T02:39:46.641Z] > refreshing access token with scopes: ["email","https://www.googleapis.com/auth/cloud-platform","https://www.googleapis.com/auth/cloudplatformprojects.readonly","https://www.googleapis.com/auth/firebase","openid"]
[debug] [2018-07-19T02:39:46.641Z] >>> HTTP REQUEST POST https://www.googleapis.com/oauth2/v3/token  
 { refresh_token: '1/yluEXE4rPbSp_xd95tXM_KsxCVwF6lXfkYwTSpT8eEo',
  client_id: '563584335869-fgrhgmd47bqnekij5i8b5pr03ho849e6.apps.googleusercontent.com',
  client_secret: 'j9iVZfS8kkCEFUPaAeJV0sAi',
  grant_type: 'refresh_token',
  scope: 'email https://www.googleapis.com/auth/cloud-platform https://www.googleapis.com/auth/cloudplatformprojects.readonly https://www.googleapis.com/auth/firebase openid' } 
 Thu Jul 19 2018 09:39:46 GMT+0700 (+07)
[debug] [2018-07-19T02:39:47.240Z] <<< HTTP RESPONSE 200
[debug] [2018-07-19T02:39:47.250Z] >>> HTTP REQUEST GET https://admin.firebase.com/v1/projects/test-4515a  
  
 Thu Jul 19 2018 09:39:47 GMT+0700 (+07)
